# Server version 0.08 running on QiDell:8123
# Game ID: 33
# Board class: pentago_twist.PentagoBoard
# Timeout: 20000
# First Move Timeout: 30000
# Date: Wed Mar 17 23:31:02 EDT 2021
# Starting at move 10
# Player 1: Player-0, 'Human', running on QiDell
# Player 2: Player-1, '260871056', running on QiDell
START Player-0 Human
START Player-1 260871056
1 4 1 1 0
1 1 0 0 1
0 4 1 0 0
2 1 2 0 1
1 3 1 0 0
4 1 0 0 1
4 4 3 0 0
3 4 1 0 1
4 3 3 0 0
5 4 1 0 1
GAMEOVER WINNER 0
# Game ended: Wed Mar 17 23:31:03 EDT 2021
