# Server version 0.08 running on QiDell:8123
# Game ID: 3
# Board class: pentago_twist.PentagoBoard
# Timeout: 20000
# First Move Timeout: 30000
# Date: Wed Mar 17 22:41:56 EDT 2021
# Player 1: Player-0, '260871056', running on QiDell
# Player 2: Player-1, '260871056', running on QiDell
START Player-0 260871056
START Player-1 260871056
4 4 0 0 0
4 1 0 0 1
5 4 0 0 0
3 4 0 0 1
5 5 0 0 0
3 3 0 0 1
5 3 0 0 0
3 2 2 0 1
3 1 2 1 0
3 2 0 0 1
1 4 0 0 0
5 1 0 0 1
4 2 2 1 0
4 2 0 0 1
3 2 0 0 0
4 3 2 0 1
3 0 2 0 0
3 5 2 0 1
GAMEOVER DRAW
# Game ended: Wed Mar 17 22:41:57 EDT 2021
